0 info it worked if it ends with ok
1 verbose cli [ 'node', '/usr/local/bin/npm', 'update', '-g', 'ionic' ]
2 info using npm@2.5.1
3 info using node@v0.12.0
4 silly mapToRegistry name ionic
5 silly mapToRegistry using default registry
6 silly mapToRegistry registry https://registry.npmjs.org/
7 silly mapToRegistry uri https://registry.npmjs.org/ionic
8 verbose request uri https://registry.npmjs.org/ionic
9 verbose request no auth needed
10 info attempt registry request try #1 at 11:45:58
11 verbose request id b4409c3e2c89df13
12 verbose etag "6DBRTHDHZ3X4S1ZO6WZGLVU9Y"
13 http request GET https://registry.npmjs.org/ionic
14 http 304 https://registry.npmjs.org/ionic
15 silly get cb [ 304,
15 silly get   { date: 'Thu, 12 Mar 2015 10:45:59 GMT',
15 silly get     server: 'Apache',
15 silly get     via: '1.1 varnish',
15 silly get     'last-modified': 'Thu, 12 Mar 2015 10:45:59 GMT',
15 silly get     'cache-control': 'max-age=60',
15 silly get     etag: '"6DBRTHDHZ3X4S1ZO6WZGLVU9Y"',
15 silly get     age: '38',
15 silly get     'x-served-by': 'cache-fra1226-FRA',
15 silly get     'x-cache': 'HIT',
15 silly get     'x-cache-hits': '1',
15 silly get     'x-timer': 'S1426157159.100266,VS0,VE1',
15 silly get     vary: 'Accept',
15 silly get     'content-length': '0',
15 silly get     'keep-alive': 'timeout=10, max=50',
15 silly get     connection: 'Keep-Alive' } ]
16 verbose etag https://registry.npmjs.org/ionic from cache
17 verbose get saving ionic to /Users/taob/.npm/registry.npmjs.org/ionic/.cache.json
18 info outdated updating [ [ '/usr/local/lib',
18 info outdated     'ionic',
18 info outdated     '1.3.10',
18 info outdated     '1.3.14',
18 info outdated     '1.3.14',
18 info outdated     'latest' ] ]
19 verbose install where, what [ '/usr/local/lib', [ 'ionic@1.3.14' ] ]
20 silly cache add args [ 'ionic@1.3.14', null ]
21 verbose cache add spec ionic@1.3.14
22 silly cache add parsed spec { raw: 'ionic@1.3.14',
22 silly cache add   scope: null,
22 silly cache add   name: 'ionic',
22 silly cache add   rawSpec: '1.3.14',
22 silly cache add   spec: '1.3.14',
22 silly cache add   type: 'version' }
23 verbose addNamed ionic@1.3.14
24 silly addNamed semver.valid 1.3.14
25 silly addNamed semver.validRange 1.3.14
26 silly mapToRegistry name ionic
27 silly mapToRegistry using default registry
28 silly mapToRegistry registry https://registry.npmjs.org/
29 silly mapToRegistry uri https://registry.npmjs.org/ionic
30 verbose addNameVersion registry:https://registry.npmjs.org/ionic not in flight; fetching
31 verbose get https://registry.npmjs.org/ionic not expired, no request
32 silly cache afterAdd ionic@1.3.14
33 verbose afterAdd /Users/taob/.npm/ionic/1.3.14/package/package.json not in flight; writing
34 verbose afterAdd /Users/taob/.npm/ionic/1.3.14/package/package.json written
35 silly install resolved [ { name: 'ionic',
35 silly install resolved     version: '1.3.14',
35 silly install resolved     preferGlobal: true,
35 silly install resolved     description: 'A tool for creating and developing Ionic Framework mobile apps.',
35 silly install resolved     homepage: 'http://ionicframework.com/',
35 silly install resolved     bin: { ionic: 'bin/ionic' },
35 silly install resolved     keywords:
35 silly install resolved      [ 'ionic',
35 silly install resolved        'ionic framework',
35 silly install resolved        'ionicframework',
35 silly install resolved        'mobile',
35 silly install resolved        'app',
35 silly install resolved        'hybrid',
35 silly install resolved        'cordova',
35 silly install resolved        'phonegap' ],
35 silly install resolved     repository:
35 silly install resolved      { type: 'git',
35 silly install resolved        url: 'https://github.com/driftyco/ionic-cli.git' },
35 silly install resolved     contributors: [ [Object], [Object], [Object], [Object] ],
35 silly install resolved     license: 'MIT',
35 silly install resolved     dependencies:
35 silly install resolved      { archiver: '0.5.1',
35 silly install resolved        async: '^0.9.0',
35 silly install resolved        colors: '0.6.2',
35 silly install resolved        connect: '3.1.1',
35 silly install resolved        'connect-livereload': '0.5.2',
35 silly install resolved        crc: '3.2.1',
35 silly install resolved        'cross-spawn': '0.2.3',
35 silly install resolved        'event-stream': '3.0.x',
35 silly install resolved        finalhandler: '0.2.0',
35 silly install resolved        'form-data': '0.1.4',
35 silly install resolved        gulp: '3.8.8',
35 silly install resolved        ncp: '0.4.2',
35 silly install resolved        npm: '2.1.3',
35 silly install resolved        'opbeat-ionic': '^1.1.3',
35 silly install resolved        open: 'https://registry.npmjs.org/open/-/open-0.0.5.tgz',
35 silly install resolved        optimist: '0.6.0',
35 silly install resolved        progress: '1.1.7',
35 silly install resolved        prompt: '0.2.12',
35 silly install resolved        'proxy-middleware': '^0.7.0',
35 silly install resolved        q: '1.0.1',
35 silly install resolved        request: '2.51.0',
35 silly install resolved        semver: '^4.2.0',
35 silly install resolved        'serve-static': '1.7.1',
35 silly install resolved        shelljs: '0.2.6',
35 silly install resolved        'tiny-lr-fork': '0.0.5',
35 silly install resolved        underscore: '~1.7.0',
35 silly install resolved        unzip: '0.1.9',
35 silly install resolved        'vinyl-fs': '0.3.7',
35 silly install resolved        xml2js: '0.4.4' },
35 silly install resolved     gitHead: '6a934c618740e04fa994fe3c30321808475d0fe1',
35 silly install resolved     bugs: { url: 'https://github.com/driftyco/ionic-cli/issues' },
35 silly install resolved     _id: 'ionic@1.3.14',
35 silly install resolved     scripts: {},
35 silly install resolved     _shasum: '523049b9c7ff3cc4cf8b4dff6868bc554d50ae4d',
35 silly install resolved     _from: 'ionic@1.3.14',
35 silly install resolved     _npmVersion: '2.5.1',
35 silly install resolved     _nodeVersion: '0.10.33',
35 silly install resolved     _npmUser: { name: 'drifty', email: 'max@drifty.com' },
35 silly install resolved     maintainers: [ [Object], [Object], [Object] ],
35 silly install resolved     dist:
35 silly install resolved      { shasum: '523049b9c7ff3cc4cf8b4dff6868bc554d50ae4d',
35 silly install resolved        tarball: 'http://registry.npmjs.org/ionic/-/ionic-1.3.14.tgz' },
35 silly install resolved     directories: {},
35 silly install resolved     _resolved: 'https://registry.npmjs.org/ionic/-/ionic-1.3.14.tgz',
35 silly install resolved     readme: 'ERROR: No README data found!' } ]
36 info install ionic@1.3.14 into /usr/local/lib
37 info installOne ionic@1.3.14
38 verbose installOne of ionic to /usr/local/lib not in flight; installing
39 warn locking Error: EACCES, open '/Users/taob/.npm/_locks/ionic-61c0cd50dc7a1457.lock'
39 warn locking     at Error (native)
39 warn locking  /Users/taob/.npm/_locks/ionic-61c0cd50dc7a1457.lock failed { [Error: EACCES, open '/Users/taob/.npm/_locks/ionic-61c0cd50dc7a1457.lock']
39 warn locking   errno: -13,
39 warn locking   code: 'EACCES',
39 warn locking   path: '/Users/taob/.npm/_locks/ionic-61c0cd50dc7a1457.lock' }
40 verbose stack Error: Attempt to unlock /usr/local/lib/node_modules/ionic, which hasn't been locked
40 verbose stack     at unlock (/usr/local/lib/node_modules/npm/lib/utils/locker.js:66:11)
40 verbose stack     at cb (/usr/local/lib/node_modules/npm/lib/install.js:929:5)
40 verbose stack     at /usr/local/lib/node_modules/npm/lib/install.js:933:20
40 verbose stack     at /usr/local/lib/node_modules/npm/lib/utils/locker.js:40:9
40 verbose stack     at cb (/usr/local/lib/node_modules/npm/node_modules/lockfile/lockfile.js:149:38)
40 verbose stack     at /usr/local/lib/node_modules/npm/node_modules/lockfile/lockfile.js:177:38
40 verbose stack     at FSReqWrap.oncomplete (fs.js:99:15)
41 verbose cwd /1_PROJEKTE/01_Hyper/3_PROJECTS/07_MOBILE_DEV_2/koderkollektiv.github.io/Tanja
42 error Darwin 14.1.0
43 error argv "node" "/usr/local/bin/npm" "update" "-g" "ionic"
44 error node v0.12.0
45 error npm  v2.5.1
46 error Attempt to unlock /usr/local/lib/node_modules/ionic, which hasn't been locked
47 error If you need help, you may report this error at:
47 error     <http://github.com/npm/npm/issues>
48 verbose exit [ 1, true ]
